[06-Feb-2026 01:32:37 UTC] PHP Fatal error:  Uncaught TypeError: App\Services\Genealogy\GenealogyService::buildNestedTree(): Argument #1 ($items) must be of type array, null given, called in E:\WisdomTrust\Genealogy\App\Services\Genealogy\GenealogyService.php on line 115 and defined in E:\WisdomTrust\Genealogy\App\Services\Genealogy\GenealogyService.php:120
Stack trace:
#0 E:\WisdomTrust\Genealogy\App\Services\Genealogy\GenealogyService.php(115): App\Services\Genealogy\GenealogyService->buildNestedTree()
#1 E:\WisdomTrust\Genealogy\App\Http\Controllers\Genealogy\GenealogyController.php(35): App\Services\Genealogy\GenealogyService->getFormattedTree()
#2 E:\WisdomTrust\Genealogy\vendor\ukingsley\customrouter\src\router.php(65): App\Http\Controllers\Genealogy\GenealogyController->getTreeData()
#3 E:\WisdomTrust\Genealogy\vendor\ukingsley\customrouter\src\route.php(26): CustomRouter\Router->dispatch()
#4 E:\WisdomTrust\Genealogy\public\index.php(15): CustomRouter\Route::dispatch()
#5 {main}
  thrown in E:\WisdomTrust\Genealogy\App\Services\Genealogy\GenealogyService.php on line 120
[06-Feb-2026 01:32:38 UTC] [2026-02-06 01:32:38] Uncaught TypeError: App\Services\Genealogy\GenealogyService::buildNestedTree(): Argument #1 ($items) must be of type array, null given, called in E:\WisdomTrust\Genealogy\App\Services\Genealogy\GenealogyService.php on line 115 and defined in E:\WisdomTrust\Genealogy\App\Services\Genealogy\GenealogyService.php:120
Stack trace:
#0 E:\WisdomTrust\Genealogy\App\Services\Genealogy\GenealogyService.php(115): App\Services\Genealogy\GenealogyService->buildNestedTree()
#1 E:\WisdomTrust\Genealogy\App\Http\Controllers\Genealogy\GenealogyController.php(35): App\Services\Genealogy\GenealogyService->getFormattedTree()
#2 E:\WisdomTrust\Genealogy\vendor\ukingsley\customrouter\src\router.php(65): App\Http\Controllers\Genealogy\GenealogyController->getTreeData()
#3 E:\WisdomTrust\Genealogy\vendor\ukingsley\customrouter\src\route.php(26): CustomRouter\Router->dispatch()
#4 E:\WisdomTrust\Genealogy\public\index.php(15): CustomRouter\Route::dispatch()
#5 {main}
  thrown in E:\WisdomTrust\Genealogy\App\Services\Genealogy\GenealogyService.php on line 120

[06-Feb-2026 01:37:34 UTC] Login Error: User does not exists.
[06-Feb-2026 01:37:38 UTC] Login Error: User does not exists.
[06-Feb-2026 01:37:46 UTC] PHP Fatal error:  Uncaught TypeError: App\Services\Genealogy\GenealogyService::buildNestedTree(): Argument #1 ($items) must be of type array, null given, called in E:\WisdomTrust\Genealogy\App\Services\Genealogy\GenealogyService.php on line 115 and defined in E:\WisdomTrust\Genealogy\App\Services\Genealogy\GenealogyService.php:120
Stack trace:
#0 E:\WisdomTrust\Genealogy\App\Services\Genealogy\GenealogyService.php(115): App\Services\Genealogy\GenealogyService->buildNestedTree()
#1 E:\WisdomTrust\Genealogy\App\Http\Controllers\Genealogy\GenealogyController.php(35): App\Services\Genealogy\GenealogyService->getFormattedTree()
#2 E:\WisdomTrust\Genealogy\vendor\ukingsley\customrouter\src\router.php(65): App\Http\Controllers\Genealogy\GenealogyController->getTreeData()
#3 E:\WisdomTrust\Genealogy\vendor\ukingsley\customrouter\src\route.php(26): CustomRouter\Router->dispatch()
#4 E:\WisdomTrust\Genealogy\public\index.php(15): CustomRouter\Route::dispatch()
#5 {main}
  thrown in E:\WisdomTrust\Genealogy\App\Services\Genealogy\GenealogyService.php on line 120
[06-Feb-2026 01:37:46 UTC] [2026-02-06 01:37:46] Uncaught TypeError: App\Services\Genealogy\GenealogyService::buildNestedTree(): Argument #1 ($items) must be of type array, null given, called in E:\WisdomTrust\Genealogy\App\Services\Genealogy\GenealogyService.php on line 115 and defined in E:\WisdomTrust\Genealogy\App\Services\Genealogy\GenealogyService.php:120
Stack trace:
#0 E:\WisdomTrust\Genealogy\App\Services\Genealogy\GenealogyService.php(115): App\Services\Genealogy\GenealogyService->buildNestedTree()
#1 E:\WisdomTrust\Genealogy\App\Http\Controllers\Genealogy\GenealogyController.php(35): App\Services\Genealogy\GenealogyService->getFormattedTree()
#2 E:\WisdomTrust\Genealogy\vendor\ukingsley\customrouter\src\router.php(65): App\Http\Controllers\Genealogy\GenealogyController->getTreeData()
#3 E:\WisdomTrust\Genealogy\vendor\ukingsley\customrouter\src\route.php(26): CustomRouter\Router->dispatch()
#4 E:\WisdomTrust\Genealogy\public\index.php(15): CustomRouter\Route::dispatch()
#5 {main}
  thrown in E:\WisdomTrust\Genealogy\App\Services\Genealogy\GenealogyService.php on line 120

[06-Feb-2026 01:38:50 UTC] Login Error: User does not exists.
[06-Feb-2026 01:44:37 UTC] PHP Warning:  Undefined array key "password" in E:\WisdomTrust\Genealogy\App\Services\Auth\AuthService.php on line 116
[06-Feb-2026 01:44:37 UTC] [2026-02-06 01:44:37] Undefined array key "password" in E:\WisdomTrust\Genealogy\App\Services\Auth\AuthService.php on line 116

[06-Feb-2026 01:44:41 UTC] PHP Warning:  Undefined array key "password" in E:\WisdomTrust\Genealogy\App\Services\Auth\AuthService.php on line 116
[06-Feb-2026 01:44:41 UTC] [2026-02-06 01:44:41] Undefined array key "password" in E:\WisdomTrust\Genealogy\App\Services\Auth\AuthService.php on line 116

[06-Feb-2026 01:44:44 UTC] PHP Warning:  Undefined array key "password" in E:\WisdomTrust\Genealogy\App\Services\Auth\AuthService.php on line 116
[06-Feb-2026 01:44:44 UTC] [2026-02-06 01:44:44] Undefined array key "password" in E:\WisdomTrust\Genealogy\App\Services\Auth\AuthService.php on line 116

[06-Feb-2026 01:44:59 UTC] PHP Warning:  Undefined array key "password" in E:\WisdomTrust\Genealogy\App\Services\Auth\AuthService.php on line 116
[06-Feb-2026 01:44:59 UTC] [2026-02-06 01:44:59] Undefined array key "password" in E:\WisdomTrust\Genealogy\App\Services\Auth\AuthService.php on line 116

[06-Feb-2026 01:47:01 UTC] PHP Fatal error:  Uncaught TypeError: App\Services\Genealogy\GenealogyService::buildNestedTree(): Argument #1 ($items) must be of type array, null given, called in E:\WisdomTrust\Genealogy\App\Services\Genealogy\GenealogyService.php on line 115 and defined in E:\WisdomTrust\Genealogy\App\Services\Genealogy\GenealogyService.php:120
Stack trace:
#0 E:\WisdomTrust\Genealogy\App\Services\Genealogy\GenealogyService.php(115): App\Services\Genealogy\GenealogyService->buildNestedTree()
#1 E:\WisdomTrust\Genealogy\App\Http\Controllers\Genealogy\GenealogyController.php(35): App\Services\Genealogy\GenealogyService->getFormattedTree()
#2 E:\WisdomTrust\Genealogy\vendor\ukingsley\customrouter\src\router.php(65): App\Http\Controllers\Genealogy\GenealogyController->getTreeData()
#3 E:\WisdomTrust\Genealogy\vendor\ukingsley\customrouter\src\route.php(26): CustomRouter\Router->dispatch()
#4 E:\WisdomTrust\Genealogy\public\index.php(15): CustomRouter\Route::dispatch()
#5 {main}
  thrown in E:\WisdomTrust\Genealogy\App\Services\Genealogy\GenealogyService.php on line 120
[06-Feb-2026 01:47:01 UTC] [2026-02-06 01:47:01] Uncaught TypeError: App\Services\Genealogy\GenealogyService::buildNestedTree(): Argument #1 ($items) must be of type array, null given, called in E:\WisdomTrust\Genealogy\App\Services\Genealogy\GenealogyService.php on line 115 and defined in E:\WisdomTrust\Genealogy\App\Services\Genealogy\GenealogyService.php:120
Stack trace:
#0 E:\WisdomTrust\Genealogy\App\Services\Genealogy\GenealogyService.php(115): App\Services\Genealogy\GenealogyService->buildNestedTree()
#1 E:\WisdomTrust\Genealogy\App\Http\Controllers\Genealogy\GenealogyController.php(35): App\Services\Genealogy\GenealogyService->getFormattedTree()
#2 E:\WisdomTrust\Genealogy\vendor\ukingsley\customrouter\src\router.php(65): App\Http\Controllers\Genealogy\GenealogyController->getTreeData()
#3 E:\WisdomTrust\Genealogy\vendor\ukingsley\customrouter\src\route.php(26): CustomRouter\Router->dispatch()
#4 E:\WisdomTrust\Genealogy\public\index.php(15): CustomRouter\Route::dispatch()
#5 {main}
  thrown in E:\WisdomTrust\Genealogy\App\Services\Genealogy\GenealogyService.php on line 120

[06-Feb-2026 01:52:17 UTC] PHP Fatal error:  Uncaught TypeError: App\Services\Genealogy\GenealogyService::buildNestedTree(): Argument #1 ($items) must be of type array, null given, called in E:\WisdomTrust\Genealogy\App\Services\Genealogy\GenealogyService.php on line 115 and defined in E:\WisdomTrust\Genealogy\App\Services\Genealogy\GenealogyService.php:120
Stack trace:
#0 E:\WisdomTrust\Genealogy\App\Services\Genealogy\GenealogyService.php(115): App\Services\Genealogy\GenealogyService->buildNestedTree()
#1 E:\WisdomTrust\Genealogy\App\Http\Controllers\Genealogy\GenealogyController.php(35): App\Services\Genealogy\GenealogyService->getFormattedTree()
#2 E:\WisdomTrust\Genealogy\vendor\ukingsley\customrouter\src\router.php(65): App\Http\Controllers\Genealogy\GenealogyController->getTreeData()
#3 E:\WisdomTrust\Genealogy\vendor\ukingsley\customrouter\src\route.php(26): CustomRouter\Router->dispatch()
#4 E:\WisdomTrust\Genealogy\public\index.php(15): CustomRouter\Route::dispatch()
#5 {main}
  thrown in E:\WisdomTrust\Genealogy\App\Services\Genealogy\GenealogyService.php on line 120
[06-Feb-2026 01:52:17 UTC] [2026-02-06 01:52:17] Uncaught TypeError: App\Services\Genealogy\GenealogyService::buildNestedTree(): Argument #1 ($items) must be of type array, null given, called in E:\WisdomTrust\Genealogy\App\Services\Genealogy\GenealogyService.php on line 115 and defined in E:\WisdomTrust\Genealogy\App\Services\Genealogy\GenealogyService.php:120
Stack trace:
#0 E:\WisdomTrust\Genealogy\App\Services\Genealogy\GenealogyService.php(115): App\Services\Genealogy\GenealogyService->buildNestedTree()
#1 E:\WisdomTrust\Genealogy\App\Http\Controllers\Genealogy\GenealogyController.php(35): App\Services\Genealogy\GenealogyService->getFormattedTree()
#2 E:\WisdomTrust\Genealogy\vendor\ukingsley\customrouter\src\router.php(65): App\Http\Controllers\Genealogy\GenealogyController->getTreeData()
#3 E:\WisdomTrust\Genealogy\vendor\ukingsley\customrouter\src\route.php(26): CustomRouter\Router->dispatch()
#4 E:\WisdomTrust\Genealogy\public\index.php(15): CustomRouter\Route::dispatch()
#5 {main}
  thrown in E:\WisdomTrust\Genealogy\App\Services\Genealogy\GenealogyService.php on line 120

[06-Feb-2026 01:52:24 UTC] PHP Fatal error:  Uncaught TypeError: App\Services\Genealogy\GenealogyService::buildNestedTree(): Argument #1 ($items) must be of type array, null given, called in E:\WisdomTrust\Genealogy\App\Services\Genealogy\GenealogyService.php on line 115 and defined in E:\WisdomTrust\Genealogy\App\Services\Genealogy\GenealogyService.php:120
Stack trace:
#0 E:\WisdomTrust\Genealogy\App\Services\Genealogy\GenealogyService.php(115): App\Services\Genealogy\GenealogyService->buildNestedTree()
#1 E:\WisdomTrust\Genealogy\App\Http\Controllers\Genealogy\GenealogyController.php(35): App\Services\Genealogy\GenealogyService->getFormattedTree()
#2 E:\WisdomTrust\Genealogy\vendor\ukingsley\customrouter\src\router.php(65): App\Http\Controllers\Genealogy\GenealogyController->getTreeData()
#3 E:\WisdomTrust\Genealogy\vendor\ukingsley\customrouter\src\route.php(26): CustomRouter\Router->dispatch()
#4 E:\WisdomTrust\Genealogy\public\index.php(15): CustomRouter\Route::dispatch()
#5 {main}
  thrown in E:\WisdomTrust\Genealogy\App\Services\Genealogy\GenealogyService.php on line 120
[06-Feb-2026 01:52:24 UTC] [2026-02-06 01:52:24] Uncaught TypeError: App\Services\Genealogy\GenealogyService::buildNestedTree(): Argument #1 ($items) must be of type array, null given, called in E:\WisdomTrust\Genealogy\App\Services\Genealogy\GenealogyService.php on line 115 and defined in E:\WisdomTrust\Genealogy\App\Services\Genealogy\GenealogyService.php:120
Stack trace:
#0 E:\WisdomTrust\Genealogy\App\Services\Genealogy\GenealogyService.php(115): App\Services\Genealogy\GenealogyService->buildNestedTree()
#1 E:\WisdomTrust\Genealogy\App\Http\Controllers\Genealogy\GenealogyController.php(35): App\Services\Genealogy\GenealogyService->getFormattedTree()
#2 E:\WisdomTrust\Genealogy\vendor\ukingsley\customrouter\src\router.php(65): App\Http\Controllers\Genealogy\GenealogyController->getTreeData()
#3 E:\WisdomTrust\Genealogy\vendor\ukingsley\customrouter\src\route.php(26): CustomRouter\Router->dispatch()
#4 E:\WisdomTrust\Genealogy\public\index.php(15): CustomRouter\Route::dispatch()
#5 {main}
  thrown in E:\WisdomTrust\Genealogy\App\Services\Genealogy\GenealogyService.php on line 120

[06-Feb-2026 02:30:53 UTC] PHP Fatal error:  Uncaught TypeError: App\Services\Genealogy\GenealogyService::buildNestedTree(): Argument #1 ($items) must be of type array, null given, called in E:\WisdomTrust\Genealogy\App\Services\Genealogy\GenealogyService.php on line 115 and defined in E:\WisdomTrust\Genealogy\App\Services\Genealogy\GenealogyService.php:120
Stack trace:
#0 E:\WisdomTrust\Genealogy\App\Services\Genealogy\GenealogyService.php(115): App\Services\Genealogy\GenealogyService->buildNestedTree()
#1 E:\WisdomTrust\Genealogy\App\Http\Controllers\Genealogy\GenealogyController.php(35): App\Services\Genealogy\GenealogyService->getFormattedTree()
#2 E:\WisdomTrust\Genealogy\vendor\ukingsley\customrouter\src\router.php(65): App\Http\Controllers\Genealogy\GenealogyController->getTreeData()
#3 E:\WisdomTrust\Genealogy\vendor\ukingsley\customrouter\src\route.php(26): CustomRouter\Router->dispatch()
#4 E:\WisdomTrust\Genealogy\public\index.php(15): CustomRouter\Route::dispatch()
#5 {main}
  thrown in E:\WisdomTrust\Genealogy\App\Services\Genealogy\GenealogyService.php on line 120
[06-Feb-2026 02:30:53 UTC] [2026-02-06 02:30:53] Uncaught TypeError: App\Services\Genealogy\GenealogyService::buildNestedTree(): Argument #1 ($items) must be of type array, null given, called in E:\WisdomTrust\Genealogy\App\Services\Genealogy\GenealogyService.php on line 115 and defined in E:\WisdomTrust\Genealogy\App\Services\Genealogy\GenealogyService.php:120
Stack trace:
#0 E:\WisdomTrust\Genealogy\App\Services\Genealogy\GenealogyService.php(115): App\Services\Genealogy\GenealogyService->buildNestedTree()
#1 E:\WisdomTrust\Genealogy\App\Http\Controllers\Genealogy\GenealogyController.php(35): App\Services\Genealogy\GenealogyService->getFormattedTree()
#2 E:\WisdomTrust\Genealogy\vendor\ukingsley\customrouter\src\router.php(65): App\Http\Controllers\Genealogy\GenealogyController->getTreeData()
#3 E:\WisdomTrust\Genealogy\vendor\ukingsley\customrouter\src\route.php(26): CustomRouter\Router->dispatch()
#4 E:\WisdomTrust\Genealogy\public\index.php(15): CustomRouter\Route::dispatch()
#5 {main}
  thrown in E:\WisdomTrust\Genealogy\App\Services\Genealogy\GenealogyService.php on line 120

[06-Feb-2026 02:39:59 UTC] PHP Fatal error:  Uncaught TypeError: App\Services\Genealogy\GenealogyService::buildNestedTree(): Argument #1 ($items) must be of type array, null given, called in E:\WisdomTrust\Genealogy\App\Services\Genealogy\GenealogyService.php on line 115 and defined in E:\WisdomTrust\Genealogy\App\Services\Genealogy\GenealogyService.php:120
Stack trace:
#0 E:\WisdomTrust\Genealogy\App\Services\Genealogy\GenealogyService.php(115): App\Services\Genealogy\GenealogyService->buildNestedTree()
#1 E:\WisdomTrust\Genealogy\App\Http\Controllers\Genealogy\GenealogyController.php(35): App\Services\Genealogy\GenealogyService->getFormattedTree()
#2 E:\WisdomTrust\Genealogy\vendor\ukingsley\customrouter\src\router.php(65): App\Http\Controllers\Genealogy\GenealogyController->getTreeData()
#3 E:\WisdomTrust\Genealogy\vendor\ukingsley\customrouter\src\route.php(26): CustomRouter\Router->dispatch()
#4 E:\WisdomTrust\Genealogy\public\index.php(15): CustomRouter\Route::dispatch()
#5 {main}
  thrown in E:\WisdomTrust\Genealogy\App\Services\Genealogy\GenealogyService.php on line 120
[06-Feb-2026 02:39:59 UTC] [2026-02-06 02:39:59] Uncaught TypeError: App\Services\Genealogy\GenealogyService::buildNestedTree(): Argument #1 ($items) must be of type array, null given, called in E:\WisdomTrust\Genealogy\App\Services\Genealogy\GenealogyService.php on line 115 and defined in E:\WisdomTrust\Genealogy\App\Services\Genealogy\GenealogyService.php:120
Stack trace:
#0 E:\WisdomTrust\Genealogy\App\Services\Genealogy\GenealogyService.php(115): App\Services\Genealogy\GenealogyService->buildNestedTree()
#1 E:\WisdomTrust\Genealogy\App\Http\Controllers\Genealogy\GenealogyController.php(35): App\Services\Genealogy\GenealogyService->getFormattedTree()
#2 E:\WisdomTrust\Genealogy\vendor\ukingsley\customrouter\src\router.php(65): App\Http\Controllers\Genealogy\GenealogyController->getTreeData()
#3 E:\WisdomTrust\Genealogy\vendor\ukingsley\customrouter\src\route.php(26): CustomRouter\Router->dispatch()
#4 E:\WisdomTrust\Genealogy\public\index.php(15): CustomRouter\Route::dispatch()
#5 {main}
  thrown in E:\WisdomTrust\Genealogy\App\Services\Genealogy\GenealogyService.php on line 120

[06-Feb-2026 02:40:21 UTC] PHP Fatal error:  Uncaught TypeError: App\Services\Genealogy\GenealogyService::buildNestedTree(): Argument #1 ($items) must be of type array, null given, called in E:\WisdomTrust\Genealogy\App\Services\Genealogy\GenealogyService.php on line 115 and defined in E:\WisdomTrust\Genealogy\App\Services\Genealogy\GenealogyService.php:120
Stack trace:
#0 E:\WisdomTrust\Genealogy\App\Services\Genealogy\GenealogyService.php(115): App\Services\Genealogy\GenealogyService->buildNestedTree()
#1 E:\WisdomTrust\Genealogy\App\Http\Controllers\Genealogy\GenealogyController.php(35): App\Services\Genealogy\GenealogyService->getFormattedTree()
#2 E:\WisdomTrust\Genealogy\vendor\ukingsley\customrouter\src\router.php(65): App\Http\Controllers\Genealogy\GenealogyController->getTreeData()
#3 E:\WisdomTrust\Genealogy\vendor\ukingsley\customrouter\src\route.php(26): CustomRouter\Router->dispatch()
#4 E:\WisdomTrust\Genealogy\public\index.php(15): CustomRouter\Route::dispatch()
#5 {main}
  thrown in E:\WisdomTrust\Genealogy\App\Services\Genealogy\GenealogyService.php on line 120
[06-Feb-2026 02:40:21 UTC] [2026-02-06 02:40:21] Uncaught TypeError: App\Services\Genealogy\GenealogyService::buildNestedTree(): Argument #1 ($items) must be of type array, null given, called in E:\WisdomTrust\Genealogy\App\Services\Genealogy\GenealogyService.php on line 115 and defined in E:\WisdomTrust\Genealogy\App\Services\Genealogy\GenealogyService.php:120
Stack trace:
#0 E:\WisdomTrust\Genealogy\App\Services\Genealogy\GenealogyService.php(115): App\Services\Genealogy\GenealogyService->buildNestedTree()
#1 E:\WisdomTrust\Genealogy\App\Http\Controllers\Genealogy\GenealogyController.php(35): App\Services\Genealogy\GenealogyService->getFormattedTree()
#2 E:\WisdomTrust\Genealogy\vendor\ukingsley\customrouter\src\router.php(65): App\Http\Controllers\Genealogy\GenealogyController->getTreeData()
#3 E:\WisdomTrust\Genealogy\vendor\ukingsley\customrouter\src\route.php(26): CustomRouter\Router->dispatch()
#4 E:\WisdomTrust\Genealogy\public\index.php(15): CustomRouter\Route::dispatch()
#5 {main}
  thrown in E:\WisdomTrust\Genealogy\App\Services\Genealogy\GenealogyService.php on line 120

[06-Feb-2026 02:44:31 UTC] PHP Fatal error:  Uncaught TypeError: App\Services\Genealogy\GenealogyService::buildNestedTree(): Argument #1 ($items) must be of type array, null given, called in E:\WisdomTrust\Genealogy\App\Services\Genealogy\GenealogyService.php on line 115 and defined in E:\WisdomTrust\Genealogy\App\Services\Genealogy\GenealogyService.php:120
Stack trace:
#0 E:\WisdomTrust\Genealogy\App\Services\Genealogy\GenealogyService.php(115): App\Services\Genealogy\GenealogyService->buildNestedTree()
#1 E:\WisdomTrust\Genealogy\App\Http\Controllers\Genealogy\GenealogyController.php(35): App\Services\Genealogy\GenealogyService->getFormattedTree()
#2 E:\WisdomTrust\Genealogy\vendor\ukingsley\customrouter\src\router.php(65): App\Http\Controllers\Genealogy\GenealogyController->getTreeData()
#3 E:\WisdomTrust\Genealogy\vendor\ukingsley\customrouter\src\route.php(26): CustomRouter\Router->dispatch()
#4 E:\WisdomTrust\Genealogy\public\index.php(15): CustomRouter\Route::dispatch()
#5 {main}
  thrown in E:\WisdomTrust\Genealogy\App\Services\Genealogy\GenealogyService.php on line 120
[06-Feb-2026 02:44:31 UTC] [2026-02-06 02:44:31] Uncaught TypeError: App\Services\Genealogy\GenealogyService::buildNestedTree(): Argument #1 ($items) must be of type array, null given, called in E:\WisdomTrust\Genealogy\App\Services\Genealogy\GenealogyService.php on line 115 and defined in E:\WisdomTrust\Genealogy\App\Services\Genealogy\GenealogyService.php:120
Stack trace:
#0 E:\WisdomTrust\Genealogy\App\Services\Genealogy\GenealogyService.php(115): App\Services\Genealogy\GenealogyService->buildNestedTree()
#1 E:\WisdomTrust\Genealogy\App\Http\Controllers\Genealogy\GenealogyController.php(35): App\Services\Genealogy\GenealogyService->getFormattedTree()
#2 E:\WisdomTrust\Genealogy\vendor\ukingsley\customrouter\src\router.php(65): App\Http\Controllers\Genealogy\GenealogyController->getTreeData()
#3 E:\WisdomTrust\Genealogy\vendor\ukingsley\customrouter\src\route.php(26): CustomRouter\Router->dispatch()
#4 E:\WisdomTrust\Genealogy\public\index.php(15): CustomRouter\Route::dispatch()
#5 {main}
  thrown in E:\WisdomTrust\Genealogy\App\Services\Genealogy\GenealogyService.php on line 120

[06-Feb-2026 02:44:38 UTC] PHP Fatal error:  Uncaught TypeError: App\Services\Genealogy\GenealogyService::buildNestedTree(): Argument #1 ($items) must be of type array, null given, called in E:\WisdomTrust\Genealogy\App\Services\Genealogy\GenealogyService.php on line 115 and defined in E:\WisdomTrust\Genealogy\App\Services\Genealogy\GenealogyService.php:120
Stack trace:
#0 E:\WisdomTrust\Genealogy\App\Services\Genealogy\GenealogyService.php(115): App\Services\Genealogy\GenealogyService->buildNestedTree()
#1 E:\WisdomTrust\Genealogy\App\Http\Controllers\Genealogy\GenealogyController.php(35): App\Services\Genealogy\GenealogyService->getFormattedTree()
#2 E:\WisdomTrust\Genealogy\vendor\ukingsley\customrouter\src\router.php(65): App\Http\Controllers\Genealogy\GenealogyController->getTreeData()
#3 E:\WisdomTrust\Genealogy\vendor\ukingsley\customrouter\src\route.php(26): CustomRouter\Router->dispatch()
#4 E:\WisdomTrust\Genealogy\public\index.php(15): CustomRouter\Route::dispatch()
#5 {main}
  thrown in E:\WisdomTrust\Genealogy\App\Services\Genealogy\GenealogyService.php on line 120
[06-Feb-2026 02:44:38 UTC] [2026-02-06 02:44:38] Uncaught TypeError: App\Services\Genealogy\GenealogyService::buildNestedTree(): Argument #1 ($items) must be of type array, null given, called in E:\WisdomTrust\Genealogy\App\Services\Genealogy\GenealogyService.php on line 115 and defined in E:\WisdomTrust\Genealogy\App\Services\Genealogy\GenealogyService.php:120
Stack trace:
#0 E:\WisdomTrust\Genealogy\App\Services\Genealogy\GenealogyService.php(115): App\Services\Genealogy\GenealogyService->buildNestedTree()
#1 E:\WisdomTrust\Genealogy\App\Http\Controllers\Genealogy\GenealogyController.php(35): App\Services\Genealogy\GenealogyService->getFormattedTree()
#2 E:\WisdomTrust\Genealogy\vendor\ukingsley\customrouter\src\router.php(65): App\Http\Controllers\Genealogy\GenealogyController->getTreeData()
#3 E:\WisdomTrust\Genealogy\vendor\ukingsley\customrouter\src\route.php(26): CustomRouter\Router->dispatch()
#4 E:\WisdomTrust\Genealogy\public\index.php(15): CustomRouter\Route::dispatch()
#5 {main}
  thrown in E:\WisdomTrust\Genealogy\App\Services\Genealogy\GenealogyService.php on line 120

[06-Feb-2026 02:47:08 UTC] PHP Fatal error:  Uncaught TypeError: App\Services\Genealogy\GenealogyService::buildNestedTree(): Argument #1 ($items) must be of type array, null given, called in E:\WisdomTrust\Genealogy\App\Services\Genealogy\GenealogyService.php on line 115 and defined in E:\WisdomTrust\Genealogy\App\Services\Genealogy\GenealogyService.php:120
Stack trace:
#0 E:\WisdomTrust\Genealogy\App\Services\Genealogy\GenealogyService.php(115): App\Services\Genealogy\GenealogyService->buildNestedTree()
#1 E:\WisdomTrust\Genealogy\App\Http\Controllers\Genealogy\GenealogyController.php(35): App\Services\Genealogy\GenealogyService->getFormattedTree()
#2 E:\WisdomTrust\Genealogy\vendor\ukingsley\customrouter\src\router.php(65): App\Http\Controllers\Genealogy\GenealogyController->getTreeData()
#3 E:\WisdomTrust\Genealogy\vendor\ukingsley\customrouter\src\route.php(26): CustomRouter\Router->dispatch()
#4 E:\WisdomTrust\Genealogy\public\index.php(15): CustomRouter\Route::dispatch()
#5 {main}
  thrown in E:\WisdomTrust\Genealogy\App\Services\Genealogy\GenealogyService.php on line 120
[06-Feb-2026 02:47:08 UTC] [2026-02-06 02:47:08] Uncaught TypeError: App\Services\Genealogy\GenealogyService::buildNestedTree(): Argument #1 ($items) must be of type array, null given, called in E:\WisdomTrust\Genealogy\App\Services\Genealogy\GenealogyService.php on line 115 and defined in E:\WisdomTrust\Genealogy\App\Services\Genealogy\GenealogyService.php:120
Stack trace:
#0 E:\WisdomTrust\Genealogy\App\Services\Genealogy\GenealogyService.php(115): App\Services\Genealogy\GenealogyService->buildNestedTree()
#1 E:\WisdomTrust\Genealogy\App\Http\Controllers\Genealogy\GenealogyController.php(35): App\Services\Genealogy\GenealogyService->getFormattedTree()
#2 E:\WisdomTrust\Genealogy\vendor\ukingsley\customrouter\src\router.php(65): App\Http\Controllers\Genealogy\GenealogyController->getTreeData()
#3 E:\WisdomTrust\Genealogy\vendor\ukingsley\customrouter\src\route.php(26): CustomRouter\Router->dispatch()
#4 E:\WisdomTrust\Genealogy\public\index.php(15): CustomRouter\Route::dispatch()
#5 {main}
  thrown in E:\WisdomTrust\Genealogy\App\Services\Genealogy\GenealogyService.php on line 120

[06-Feb-2026 02:47:14 UTC] PHP Fatal error:  Uncaught TypeError: App\Services\Genealogy\GenealogyService::buildNestedTree(): Argument #1 ($items) must be of type array, null given, called in E:\WisdomTrust\Genealogy\App\Services\Genealogy\GenealogyService.php on line 115 and defined in E:\WisdomTrust\Genealogy\App\Services\Genealogy\GenealogyService.php:120
Stack trace:
#0 E:\WisdomTrust\Genealogy\App\Services\Genealogy\GenealogyService.php(115): App\Services\Genealogy\GenealogyService->buildNestedTree()
#1 E:\WisdomTrust\Genealogy\App\Http\Controllers\Genealogy\GenealogyController.php(35): App\Services\Genealogy\GenealogyService->getFormattedTree()
#2 E:\WisdomTrust\Genealogy\vendor\ukingsley\customrouter\src\router.php(65): App\Http\Controllers\Genealogy\GenealogyController->getTreeData()
#3 E:\WisdomTrust\Genealogy\vendor\ukingsley\customrouter\src\route.php(26): CustomRouter\Router->dispatch()
#4 E:\WisdomTrust\Genealogy\public\index.php(15): CustomRouter\Route::dispatch()
#5 {main}
  thrown in E:\WisdomTrust\Genealogy\App\Services\Genealogy\GenealogyService.php on line 120
[06-Feb-2026 02:47:14 UTC] [2026-02-06 02:47:14] Uncaught TypeError: App\Services\Genealogy\GenealogyService::buildNestedTree(): Argument #1 ($items) must be of type array, null given, called in E:\WisdomTrust\Genealogy\App\Services\Genealogy\GenealogyService.php on line 115 and defined in E:\WisdomTrust\Genealogy\App\Services\Genealogy\GenealogyService.php:120
Stack trace:
#0 E:\WisdomTrust\Genealogy\App\Services\Genealogy\GenealogyService.php(115): App\Services\Genealogy\GenealogyService->buildNestedTree()
#1 E:\WisdomTrust\Genealogy\App\Http\Controllers\Genealogy\GenealogyController.php(35): App\Services\Genealogy\GenealogyService->getFormattedTree()
#2 E:\WisdomTrust\Genealogy\vendor\ukingsley\customrouter\src\router.php(65): App\Http\Controllers\Genealogy\GenealogyController->getTreeData()
#3 E:\WisdomTrust\Genealogy\vendor\ukingsley\customrouter\src\route.php(26): CustomRouter\Router->dispatch()
#4 E:\WisdomTrust\Genealogy\public\index.php(15): CustomRouter\Route::dispatch()
#5 {main}
  thrown in E:\WisdomTrust\Genealogy\App\Services\Genealogy\GenealogyService.php on line 120

[06-Feb-2026 02:51:51 UTC] PHP Fatal error:  Uncaught TypeError: App\Services\Genealogy\GenealogyService::buildNestedTree(): Argument #1 ($items) must be of type array, null given, called in E:\WisdomTrust\Genealogy\App\Services\Genealogy\GenealogyService.php on line 115 and defined in E:\WisdomTrust\Genealogy\App\Services\Genealogy\GenealogyService.php:120
Stack trace:
#0 E:\WisdomTrust\Genealogy\App\Services\Genealogy\GenealogyService.php(115): App\Services\Genealogy\GenealogyService->buildNestedTree()
#1 E:\WisdomTrust\Genealogy\App\Http\Controllers\Genealogy\GenealogyController.php(35): App\Services\Genealogy\GenealogyService->getFormattedTree()
#2 E:\WisdomTrust\Genealogy\vendor\ukingsley\customrouter\src\router.php(65): App\Http\Controllers\Genealogy\GenealogyController->getTreeData()
#3 E:\WisdomTrust\Genealogy\vendor\ukingsley\customrouter\src\route.php(26): CustomRouter\Router->dispatch()
#4 E:\WisdomTrust\Genealogy\public\index.php(15): CustomRouter\Route::dispatch()
#5 {main}
  thrown in E:\WisdomTrust\Genealogy\App\Services\Genealogy\GenealogyService.php on line 120
[06-Feb-2026 02:51:51 UTC] [2026-02-06 02:51:51] Uncaught TypeError: App\Services\Genealogy\GenealogyService::buildNestedTree(): Argument #1 ($items) must be of type array, null given, called in E:\WisdomTrust\Genealogy\App\Services\Genealogy\GenealogyService.php on line 115 and defined in E:\WisdomTrust\Genealogy\App\Services\Genealogy\GenealogyService.php:120
Stack trace:
#0 E:\WisdomTrust\Genealogy\App\Services\Genealogy\GenealogyService.php(115): App\Services\Genealogy\GenealogyService->buildNestedTree()
#1 E:\WisdomTrust\Genealogy\App\Http\Controllers\Genealogy\GenealogyController.php(35): App\Services\Genealogy\GenealogyService->getFormattedTree()
#2 E:\WisdomTrust\Genealogy\vendor\ukingsley\customrouter\src\router.php(65): App\Http\Controllers\Genealogy\GenealogyController->getTreeData()
#3 E:\WisdomTrust\Genealogy\vendor\ukingsley\customrouter\src\route.php(26): CustomRouter\Router->dispatch()
#4 E:\WisdomTrust\Genealogy\public\index.php(15): CustomRouter\Route::dispatch()
#5 {main}
  thrown in E:\WisdomTrust\Genealogy\App\Services\Genealogy\GenealogyService.php on line 120

[06-Feb-2026 02:52:05 UTC] PHP Fatal error:  Uncaught TypeError: App\Services\Genealogy\GenealogyService::buildNestedTree(): Argument #1 ($items) must be of type array, null given, called in E:\WisdomTrust\Genealogy\App\Services\Genealogy\GenealogyService.php on line 115 and defined in E:\WisdomTrust\Genealogy\App\Services\Genealogy\GenealogyService.php:120
Stack trace:
#0 E:\WisdomTrust\Genealogy\App\Services\Genealogy\GenealogyService.php(115): App\Services\Genealogy\GenealogyService->buildNestedTree()
#1 E:\WisdomTrust\Genealogy\App\Http\Controllers\Genealogy\GenealogyController.php(35): App\Services\Genealogy\GenealogyService->getFormattedTree()
#2 E:\WisdomTrust\Genealogy\vendor\ukingsley\customrouter\src\router.php(65): App\Http\Controllers\Genealogy\GenealogyController->getTreeData()
#3 E:\WisdomTrust\Genealogy\vendor\ukingsley\customrouter\src\route.php(26): CustomRouter\Router->dispatch()
#4 E:\WisdomTrust\Genealogy\public\index.php(15): CustomRouter\Route::dispatch()
#5 {main}
  thrown in E:\WisdomTrust\Genealogy\App\Services\Genealogy\GenealogyService.php on line 120
[06-Feb-2026 02:52:05 UTC] [2026-02-06 02:52:05] Uncaught TypeError: App\Services\Genealogy\GenealogyService::buildNestedTree(): Argument #1 ($items) must be of type array, null given, called in E:\WisdomTrust\Genealogy\App\Services\Genealogy\GenealogyService.php on line 115 and defined in E:\WisdomTrust\Genealogy\App\Services\Genealogy\GenealogyService.php:120
Stack trace:
#0 E:\WisdomTrust\Genealogy\App\Services\Genealogy\GenealogyService.php(115): App\Services\Genealogy\GenealogyService->buildNestedTree()
#1 E:\WisdomTrust\Genealogy\App\Http\Controllers\Genealogy\GenealogyController.php(35): App\Services\Genealogy\GenealogyService->getFormattedTree()
#2 E:\WisdomTrust\Genealogy\vendor\ukingsley\customrouter\src\router.php(65): App\Http\Controllers\Genealogy\GenealogyController->getTreeData()
#3 E:\WisdomTrust\Genealogy\vendor\ukingsley\customrouter\src\route.php(26): CustomRouter\Router->dispatch()
#4 E:\WisdomTrust\Genealogy\public\index.php(15): CustomRouter\Route::dispatch()
#5 {main}
  thrown in E:\WisdomTrust\Genealogy\App\Services\Genealogy\GenealogyService.php on line 120

[06-Feb-2026 02:52:41 UTC] PHP Fatal error:  Uncaught TypeError: App\Services\Genealogy\GenealogyService::buildNestedTree(): Argument #1 ($items) must be of type array, null given, called in E:\WisdomTrust\Genealogy\App\Services\Genealogy\GenealogyService.php on line 115 and defined in E:\WisdomTrust\Genealogy\App\Services\Genealogy\GenealogyService.php:120
Stack trace:
#0 E:\WisdomTrust\Genealogy\App\Services\Genealogy\GenealogyService.php(115): App\Services\Genealogy\GenealogyService->buildNestedTree()
#1 E:\WisdomTrust\Genealogy\App\Http\Controllers\Genealogy\GenealogyController.php(35): App\Services\Genealogy\GenealogyService->getFormattedTree()
#2 E:\WisdomTrust\Genealogy\vendor\ukingsley\customrouter\src\router.php(65): App\Http\Controllers\Genealogy\GenealogyController->getTreeData()
#3 E:\WisdomTrust\Genealogy\vendor\ukingsley\customrouter\src\route.php(26): CustomRouter\Router->dispatch()
#4 E:\WisdomTrust\Genealogy\public\index.php(15): CustomRouter\Route::dispatch()
#5 {main}
  thrown in E:\WisdomTrust\Genealogy\App\Services\Genealogy\GenealogyService.php on line 120
[06-Feb-2026 02:52:42 UTC] [2026-02-06 02:52:42] Uncaught TypeError: App\Services\Genealogy\GenealogyService::buildNestedTree(): Argument #1 ($items) must be of type array, null given, called in E:\WisdomTrust\Genealogy\App\Services\Genealogy\GenealogyService.php on line 115 and defined in E:\WisdomTrust\Genealogy\App\Services\Genealogy\GenealogyService.php:120
Stack trace:
#0 E:\WisdomTrust\Genealogy\App\Services\Genealogy\GenealogyService.php(115): App\Services\Genealogy\GenealogyService->buildNestedTree()
#1 E:\WisdomTrust\Genealogy\App\Http\Controllers\Genealogy\GenealogyController.php(35): App\Services\Genealogy\GenealogyService->getFormattedTree()
#2 E:\WisdomTrust\Genealogy\vendor\ukingsley\customrouter\src\router.php(65): App\Http\Controllers\Genealogy\GenealogyController->getTreeData()
#3 E:\WisdomTrust\Genealogy\vendor\ukingsley\customrouter\src\route.php(26): CustomRouter\Router->dispatch()
#4 E:\WisdomTrust\Genealogy\public\index.php(15): CustomRouter\Route::dispatch()
#5 {main}
  thrown in E:\WisdomTrust\Genealogy\App\Services\Genealogy\GenealogyService.php on line 120

[06-Feb-2026 02:52:49 UTC] PHP Fatal error:  Uncaught TypeError: App\Services\Genealogy\GenealogyService::buildNestedTree(): Argument #1 ($items) must be of type array, null given, called in E:\WisdomTrust\Genealogy\App\Services\Genealogy\GenealogyService.php on line 115 and defined in E:\WisdomTrust\Genealogy\App\Services\Genealogy\GenealogyService.php:120
Stack trace:
#0 E:\WisdomTrust\Genealogy\App\Services\Genealogy\GenealogyService.php(115): App\Services\Genealogy\GenealogyService->buildNestedTree()
#1 E:\WisdomTrust\Genealogy\App\Http\Controllers\Genealogy\GenealogyController.php(35): App\Services\Genealogy\GenealogyService->getFormattedTree()
#2 E:\WisdomTrust\Genealogy\vendor\ukingsley\customrouter\src\router.php(65): App\Http\Controllers\Genealogy\GenealogyController->getTreeData()
#3 E:\WisdomTrust\Genealogy\vendor\ukingsley\customrouter\src\route.php(26): CustomRouter\Router->dispatch()
#4 E:\WisdomTrust\Genealogy\public\index.php(15): CustomRouter\Route::dispatch()
#5 {main}
  thrown in E:\WisdomTrust\Genealogy\App\Services\Genealogy\GenealogyService.php on line 120
[06-Feb-2026 02:52:49 UTC] [2026-02-06 02:52:49] Uncaught TypeError: App\Services\Genealogy\GenealogyService::buildNestedTree(): Argument #1 ($items) must be of type array, null given, called in E:\WisdomTrust\Genealogy\App\Services\Genealogy\GenealogyService.php on line 115 and defined in E:\WisdomTrust\Genealogy\App\Services\Genealogy\GenealogyService.php:120
Stack trace:
#0 E:\WisdomTrust\Genealogy\App\Services\Genealogy\GenealogyService.php(115): App\Services\Genealogy\GenealogyService->buildNestedTree()
#1 E:\WisdomTrust\Genealogy\App\Http\Controllers\Genealogy\GenealogyController.php(35): App\Services\Genealogy\GenealogyService->getFormattedTree()
#2 E:\WisdomTrust\Genealogy\vendor\ukingsley\customrouter\src\router.php(65): App\Http\Controllers\Genealogy\GenealogyController->getTreeData()
#3 E:\WisdomTrust\Genealogy\vendor\ukingsley\customrouter\src\route.php(26): CustomRouter\Router->dispatch()
#4 E:\WisdomTrust\Genealogy\public\index.php(15): CustomRouter\Route::dispatch()
#5 {main}
  thrown in E:\WisdomTrust\Genealogy\App\Services\Genealogy\GenealogyService.php on line 120

[06-Feb-2026 02:52:57 UTC] PHP Fatal error:  Uncaught TypeError: App\Services\Genealogy\GenealogyService::buildNestedTree(): Argument #1 ($items) must be of type array, null given, called in E:\WisdomTrust\Genealogy\App\Services\Genealogy\GenealogyService.php on line 115 and defined in E:\WisdomTrust\Genealogy\App\Services\Genealogy\GenealogyService.php:120
Stack trace:
#0 E:\WisdomTrust\Genealogy\App\Services\Genealogy\GenealogyService.php(115): App\Services\Genealogy\GenealogyService->buildNestedTree()
#1 E:\WisdomTrust\Genealogy\App\Http\Controllers\Genealogy\GenealogyController.php(35): App\Services\Genealogy\GenealogyService->getFormattedTree()
#2 E:\WisdomTrust\Genealogy\vendor\ukingsley\customrouter\src\router.php(65): App\Http\Controllers\Genealogy\GenealogyController->getTreeData()
#3 E:\WisdomTrust\Genealogy\vendor\ukingsley\customrouter\src\route.php(26): CustomRouter\Router->dispatch()
#4 E:\WisdomTrust\Genealogy\public\index.php(15): CustomRouter\Route::dispatch()
#5 {main}
  thrown in E:\WisdomTrust\Genealogy\App\Services\Genealogy\GenealogyService.php on line 120
[06-Feb-2026 02:52:57 UTC] [2026-02-06 02:52:57] Uncaught TypeError: App\Services\Genealogy\GenealogyService::buildNestedTree(): Argument #1 ($items) must be of type array, null given, called in E:\WisdomTrust\Genealogy\App\Services\Genealogy\GenealogyService.php on line 115 and defined in E:\WisdomTrust\Genealogy\App\Services\Genealogy\GenealogyService.php:120
Stack trace:
#0 E:\WisdomTrust\Genealogy\App\Services\Genealogy\GenealogyService.php(115): App\Services\Genealogy\GenealogyService->buildNestedTree()
#1 E:\WisdomTrust\Genealogy\App\Http\Controllers\Genealogy\GenealogyController.php(35): App\Services\Genealogy\GenealogyService->getFormattedTree()
#2 E:\WisdomTrust\Genealogy\vendor\ukingsley\customrouter\src\router.php(65): App\Http\Controllers\Genealogy\GenealogyController->getTreeData()
#3 E:\WisdomTrust\Genealogy\vendor\ukingsley\customrouter\src\route.php(26): CustomRouter\Router->dispatch()
#4 E:\WisdomTrust\Genealogy\public\index.php(15): CustomRouter\Route::dispatch()
#5 {main}
  thrown in E:\WisdomTrust\Genealogy\App\Services\Genealogy\GenealogyService.php on line 120

[06-Feb-2026 02:58:08 UTC] PHP Fatal error:  Uncaught TypeError: App\Services\Genealogy\GenealogyService::buildNestedTree(): Argument #1 ($items) must be of type array, null given, called in E:\WisdomTrust\Genealogy\App\Services\Genealogy\GenealogyService.php on line 115 and defined in E:\WisdomTrust\Genealogy\App\Services\Genealogy\GenealogyService.php:120
Stack trace:
#0 E:\WisdomTrust\Genealogy\App\Services\Genealogy\GenealogyService.php(115): App\Services\Genealogy\GenealogyService->buildNestedTree()
#1 E:\WisdomTrust\Genealogy\App\Http\Controllers\Genealogy\GenealogyController.php(35): App\Services\Genealogy\GenealogyService->getFormattedTree()
#2 E:\WisdomTrust\Genealogy\vendor\ukingsley\customrouter\src\router.php(65): App\Http\Controllers\Genealogy\GenealogyController->getTreeData()
#3 E:\WisdomTrust\Genealogy\vendor\ukingsley\customrouter\src\route.php(26): CustomRouter\Router->dispatch()
#4 E:\WisdomTrust\Genealogy\public\index.php(15): CustomRouter\Route::dispatch()
#5 {main}
  thrown in E:\WisdomTrust\Genealogy\App\Services\Genealogy\GenealogyService.php on line 120
[06-Feb-2026 02:58:08 UTC] [2026-02-06 02:58:08] Uncaught TypeError: App\Services\Genealogy\GenealogyService::buildNestedTree(): Argument #1 ($items) must be of type array, null given, called in E:\WisdomTrust\Genealogy\App\Services\Genealogy\GenealogyService.php on line 115 and defined in E:\WisdomTrust\Genealogy\App\Services\Genealogy\GenealogyService.php:120
Stack trace:
#0 E:\WisdomTrust\Genealogy\App\Services\Genealogy\GenealogyService.php(115): App\Services\Genealogy\GenealogyService->buildNestedTree()
#1 E:\WisdomTrust\Genealogy\App\Http\Controllers\Genealogy\GenealogyController.php(35): App\Services\Genealogy\GenealogyService->getFormattedTree()
#2 E:\WisdomTrust\Genealogy\vendor\ukingsley\customrouter\src\router.php(65): App\Http\Controllers\Genealogy\GenealogyController->getTreeData()
#3 E:\WisdomTrust\Genealogy\vendor\ukingsley\customrouter\src\route.php(26): CustomRouter\Router->dispatch()
#4 E:\WisdomTrust\Genealogy\public\index.php(15): CustomRouter\Route::dispatch()
#5 {main}
  thrown in E:\WisdomTrust\Genealogy\App\Services\Genealogy\GenealogyService.php on line 120

[06-Feb-2026 03:03:46 UTC] Failed to execute query at DB::execute. ErrorType: SQLSTATE[23000]: Integrity constraint violation: 1062 Duplicate entry '32-32' for key 'PRIMARY'
